<?xml version="1.0" encoding="UTF-8"?>
<testng-results ignored="0" total="1" passed="1" failed="0" skipped="0">
  <reporter-output>
  </reporter-output>
  <suite started-at="2024-12-16T21:50:05 IST" name="Suite" finished-at="2024-12-16T21:50:11 IST" duration-ms="6777">
    <groups>
    </groups>
    <test started-at="2024-12-16T21:50:05 IST" name="Test" finished-at="2024-12-16T21:50:11 IST" duration-ms="6777">
      <class name="testcases.GridTest">
        <test-method signature="gridtest(java.lang.String,java.lang.String)[pri:0, instance:testcases.GridTest@793f29ff]" started-at="2024-12-16T21:50:05 IST" name="gridtest" finished-at="2024-12-16T21:50:11 IST" duration-ms="6733" status="PASS">
          <params>
            <param index="0">
              <value>
                <![CDATA[Linux]]>
              </value>
            </param>
            <param index="1">
              <value>
                <![CDATA[firefox]]>
              </value>
            </param>
          </params>
          <reporter-output>
          </reporter-output>
        </test-method> <!-- gridtest -->
      </class> <!-- testcases.GridTest -->
    </test> <!-- Test -->
  </suite> <!-- Suite -->
</testng-results>
