<?xml version="1.0" encoding="UTF-8"?>
<testng-results ignored="0" total="1" passed="1" failed="0" skipped="0">
  <reporter-output>
  </reporter-output>
  <suite started-at="2024-11-26T19:51:40 IST" name="Default suite" finished-at="2024-11-26T19:52:08 IST" duration-ms="27714">
    <groups>
    </groups>
    <test started-at="2024-11-26T19:51:40 IST" name="Default test" finished-at="2024-11-26T19:52:08 IST" duration-ms="27714">
      <class name="testcases.FitPeoAutomation">
        <test-method is-config="true" signature="setup()[pri:0, instance:testcases.FitPeoAutomation@413d1baf]" started-at="2024-11-26T19:51:36 IST" name="setup" finished-at="2024-11-26T19:51:40 IST" duration-ms="4734" status="PASS">
          <reporter-output>
          </reporter-output>
        </test-method> <!-- setup -->
        <test-method signature="FitPeotest()[pri:0, instance:testcases.FitPeoAutomation@413d1baf]" started-at="2024-11-26T19:51:40 IST" name="FitPeotest" finished-at="2024-11-26T19:52:08 IST" duration-ms="27680" status="PASS">
          <reporter-output>
          </reporter-output>
        </test-method> <!-- FitPeotest -->
        <test-method is-config="true" signature="teardown()[pri:0, instance:testcases.FitPeoAutomation@413d1baf]" started-at="2024-11-26T19:52:08 IST" name="teardown" finished-at="2024-11-26T19:52:08 IST" duration-ms="149" status="PASS">
          <reporter-output>
          </reporter-output>
        </test-method> <!-- teardown -->
      </class> <!-- testcases.FitPeoAutomation -->
    </test> <!-- Default test -->
  </suite> <!-- Default suite -->
</testng-results>
